[0;32m[2025-12-27 14:36:52][0m ✓ Starting comprehensive assessment...
[0;32m[2025-12-27 14:36:52][0m ✓ This will perform READ-ONLY operations on your system
[0;32m[2025-12-27 14:36:52][0m ✓ Report will be saved to: /Users/sergio/mac_assessment_report_20251227_143652

═══════════════════════════════════════════════════════════════
[0;34m[2025-12-27 14:36:52][0m SYSTEM INFORMATION
═══════════════════════════════════════════════════════════════
[0;32m[2025-12-27 14:36:52][0m ✓ System information saved to: /Users/sergio/mac_assessment_report_20251227_143652/01_system_info.txt

═══════════════════════════════════════════════════════════════
[0;34m[2025-12-27 14:36:52][0m GIT REPOSITORIES ASSESSMENT
═══════════════════════════════════════════════════════════════
[0;32m[2025-12-27 14:36:52][0m ✓ Scanning for git repositories in common locations...
[0;32m[2025-12-27 14:37:19][0m ✓ Git repositories assessed: 0 repositories found
[0;32m[2025-12-27 14:37:19][0m ✓ Details saved to: /Users/sergio/mac_assessment_report_20251227_143652/02_git_repositories.txt

═══════════════════════════════════════════════════════════════
[0;34m[2025-12-27 14:37:19][0m HOMEBREW PACKAGES
═══════════════════════════════════════════════════════════════
[0;32m[2025-12-27 14:37:19][0m ✓ Collecting Homebrew package lists...
[0;32m[2025-12-27 14:37:34][0m ✓ Homebrew packages saved to: /Users/sergio/mac_assessment_report_20251227_143652/03_homebrew_packages.txt
[0;32m[2025-12-27 14:37:34][0m ✓ Brewfile created at: /Users/sergio/mac_assessment_report_20251227_143652/Brewfile
[0;32m[2025-12-27 14:37:34][0m ✓   To restore: brew bundle install --file=/Users/sergio/mac_assessment_report_20251227_143652/Brewfile

═══════════════════════════════════════════════════════════════
[0;34m[2025-12-27 14:37:34][0m MAC APP STORE APPLICATIONS
═══════════════════════════════════════════════════════════════
[1;33m[2025-12-27 14:37:34][0m ⚠ mas-cli not installed (install with: brew install mas)

═══════════════════════════════════════════════════════════════
[0;34m[2025-12-27 14:37:35][0m ALL INSTALLED APPLICATIONS
═══════════════════════════════════════════════════════════════
[0;32m[2025-12-27 14:37:35][0m ✓ Scanning /Applications and ~/Applications...
[0;32m[2025-12-27 14:37:35][0m ✓ Applications list saved to: /Users/sergio/mac_assessment_report_20251227_143652/05_all_applications.txt

═══════════════════════════════════════════════════════════════
[0;34m[2025-12-27 14:37:35][0m BROWSER PROFILES
═══════════════════════════════════════════════════════════════
[0;32m[2025-12-27 14:37:35][0m ✓ Scanning for browser profiles...
[0;32m[2025-12-27 14:37:46][0m ✓ Browser profiles saved to: /Users/sergio/mac_assessment_report_20251227_143652/06_browser_profiles.txt

═══════════════════════════════════════════════════════════════
[0;34m[2025-12-27 14:37:46][0m DOTFILES AND CONFIGURATION
═══════════════════════════════════════════════════════════════
[0;32m[2025-12-27 14:37:46][0m ✓ Scanning for dotfiles in home directory...
[0;32m[2025-12-27 14:37:46][0m ✓ Dotfiles assessment saved to: /Users/sergio/mac_assessment_report_20251227_143652/07_dotfiles.txt

═══════════════════════════════════════════════════════════════
[0;34m[2025-12-27 14:37:46][0m SENSITIVE FILES AND CREDENTIALS
═══════════════════════════════════════════════════════════════
[0;32m[2025-12-27 14:37:46][0m ✓ Scanning for sensitive files (this may take a while)...
