[2025-10-12 21:14:52] [DEBUG] Loading configuration from: /Users/sergio/.mybin/computer_cleanup_manager/.cleanup.config
[2025-10-12 21:14:52] [OK]    Configuration loaded
[2025-10-12 21:14:52] [DEBUG] State initialized for: ../../dev_d_personal_from_windows
[2025-10-12 21:14:52] [DEBUG] State file: /Users/sergio/.cleanup_state/state_e4fca35e1007e225538206ecf6b705e0.json
[2025-10-12 21:14:52] [INFO]  Starting new cleanup session
[2025-10-12 21:14:52] [DEBUG] Resetting state
[2025-10-12 21:14:52] [INFO]  Found 21 folders to process
[2025-10-12 21:14:52] [INFO]  [1/21] accelerated-text-old
[2025-10-12 21:14:52] [DEBUG] Analyzing folder: ../../dev_d_personal_from_windows/accelerated-text-old
[2025-10-12 21:14:52] [DEBUG] Categorized ../../dev_d_personal_from_windows/accelerated-text-old as: external_to_fork
[2025-10-12 21:14:52] [INFO]  External repository: https://github.com/
[0;36mSelect GitHub owner/organization:[0m
  1) fullbright
  2) BrightSoftwares
  3) fullbright
  4) Enter new owner/org

fullbright/accelerated-text-old.git
[2025-10-12 21:14:55] [DEBUG] Marked as skipped: ../../dev_d_personal_from_windows/accelerated-text-old
[2025-10-12 21:14:55] [ERROR] Script exited with error code: 1
[2025-10-12 21:14:55] [DEBUG] Saving checkpoint
