[2025-10-19 15:55:27] [DEBUG] Loading configuration from: /Users/sergio/.mybin/computer_cleanup_manager/.cleanup.config
[2025-10-19 15:55:27] [OK]    Configuration loaded
[2025-10-19 15:55:27] [DEBUG] State initialized for: /Users/sergio/dev_d_personal_from_windows
[2025-10-19 15:55:27] [DEBUG] State file: /Users/sergio/.cleanup_state/state_eab4ffce52a7725ddccee117b3d9d524.json
[2025-10-19 15:55:27] [INFO]  Starting new cleanup session
[2025-10-19 15:55:27] [DEBUG] Resetting state
[2025-10-19 15:55:27] [INFO]  Found 21 folders to process
[2025-10-19 15:55:27] [INFO]  [1/21] accelerated-text-old
[2025-10-19 15:55:27] [DEBUG] Analyzing folder: /Users/sergio/dev_d_personal_from_windows/accelerated-text-old
[2025-10-19 15:55:27] [DEBUG] Categorized /Users/sergio/dev_d_personal_from_windows/accelerated-text-old as: external_to_fork
[2025-10-19 15:55:27] [INFO]  External repository: https://github.com/
[0;36mSelect GitHub owner/organization:[0m
  1) fullbright
  2) BrightSoftwares
  3) fullbright
  4) Enter new owner/org

fullbright/accelerated-text-old.git
[2025-10-19 15:55:31] [DEBUG] Marked as skipped: /Users/sergio/dev_d_personal_from_windows/accelerated-text-old
[2025-10-19 15:55:31] [ERROR] Script exited with error code: 1
[2025-10-19 15:55:31] [DEBUG] Saving checkpoint
