[2025-10-10 18:32:33] [DEBUG] Loading configuration from: /Users/sergio/.mybin/computer_cleanup_manager/.cleanup.config
[2025-10-10 18:32:33] [OK]    Configuration loaded
[2025-10-10 18:32:33] [INFO]  DRY RUN MODE ENABLED - No changes will be made
[2025-10-10 18:32:33] [DEBUG] State initialized for: ../../dev_d_personal_from_windows
[2025-10-10 18:32:33] [DEBUG] State file: /Users/sergio/.cleanup_state/state_e4fca35e1007e225538206ecf6b705e0.json
[2025-10-10 18:32:33] [INFO]  Starting new cleanup session
[2025-10-10 18:32:33] [DEBUG] Resetting state
[2025-10-10 18:32:33] [INFO]  Found 21 folders to process
[2025-10-10 18:32:33] [INFO]  [1/21] accelerated-text-old
[2025-10-10 18:32:33] [DEBUG] Analyzing folder: ../../dev_d_personal_from_windows/accelerated-text-old
[2025-10-10 18:32:33] [DEBUG] Categorized ../../dev_d_personal_from_windows/accelerated-text-old as: external_to_fork
[2025-10-10 18:32:33] [INFO]  External repository: https://github.com/accelerated-text/accelerated-text.git
[2025-10-10 18:32:40] [INFO]  Forking repository: https://github.com/accelerated-text/accelerated-text.git
[2025-10-10 18:32:40] [INFO]  Target: 
[0;36mSelect GitHub owner/organization:[0m
  1) fullbright
  2) BrightSoftwares
  3) fullbright
  4) Enter new owner/org

fullbright/accelerated-text-old
[2025-10-10 18:32:41] [OK]    Repository forked successfully
[2025-10-10 18:32:43] [INFO]  Updating remote to fork: https://github.com/
[0;36mSelect GitHub owner/organization:[0m
  1) fullbright
  2) BrightSoftwares
  3) fullbright
  4) Enter new owner/org

fullbright/accelerated-text-old.git
[2025-10-10 18:32:43] [INFO]  Adding upstream remote: https://github.com/accelerated-text/accelerated-text.git
[2025-10-10 18:32:43] [OK]    Repository forked and remotes configured
[2025-10-10 18:32:44] [INFO]  Repository Status:
[2025-10-10 18:33:20] [INFO]  Generating/updating .gitignore
[2025-10-10 18:33:20] [OK]    .gitignore updated
[2025-10-10 18:33:20] [WARN]  Found 1 sensitive file(s):
[2025-10-10 18:33:26] [INFO]  Skipping encryption
[2025-10-10 18:33:26] [INFO]  [DRY RUN] Would create branch: migration-20251010-183233
[2025-10-10 18:33:26] [INFO]  [DRY RUN] Would commit and push changes
[2025-10-10 18:33:26] [ERROR] Script exited with error code: 1
[2025-10-10 18:33:26] [DEBUG] Saving checkpoint
